<?xml version="1.0" encoding="utf-8"?><testsuites name="pytest tests"><testsuite name="pytest" errors="0" failures="0" skipped="0" tests="49" time="4.311" timestamp="2026-07-29T09:07:52.696435+00:00" hostname="agent-env-fa61e2da-c1aa-4cff-90fc-a761ac9856ca"><testcase classname="tests.backend_test.TestCountry" name="test_list_countries" time="0.205" /><testcase classname="tests.backend_test.TestCompliance" name="test_metrics" time="0.241" /><testcase classname="tests.backend_test.TestCountry" name="test_get_country_eu" time="0.050" /><testcase classname="tests.backend_test.TestCompliance" name="test_audit_log_hash_chain" time="0.063" /><testcase classname="tests.backend_test.TestCountry" name="test_get_country_unknown" time="0.086" /><testcase classname="tests.backend_test.TestCompliance" name="test_audit_verify" time="0.090" /><testcase classname="tests.backend_test.TestCountry" name="test_verify_stub_country_pt" time="0.055" /><testcase classname="tests.backend_test.TestCompliance" name="test_ai_act_transparency" time="0.049" /><testcase classname="tests.backend_test.TestCountry" name="test_verify_unknown_country" time="0.046" /><testcase classname="tests.backend_test.TestCompliance" name="test_dsa_pdf" time="0.077" /><testcase classname="tests.backend_test.TestCountry" name="test_verify_eu_with_valid_credential" time="0.561" /><testcase classname="tests.backend_test.TestCompliance" name="test_gdpr_erasure_missing_subject" time="0.399" /><testcase classname="tests.backend_test.TestMDoc" name="test_issue_verify_e2e" time="0.145" /><testcase classname="tests.backend_test.TestAuth" name="test_issuer_credential_requires_auth" time="0.043" /><testcase classname="tests.backend_test.TestAuth" name="test_gdpr_erasure_requires_auth" time="0.089" /><testcase classname="tests.backend_test.TestMDoc" name="test_verify_random_bytes" time="0.047" /><testcase classname="tests.backend_test.TestMDoc" name="test_verify_bad_hex" time="0.044" /><testcase classname="tests.backend_test.TestAuth" name="test_me_unauth" time="0.085" /><testcase classname="tests.backend_test.TestMDoc" name="test_engagement" time="0.090" /><testcase classname="tests.backend_test.TestAuth" name="test_me_with_bearer" time="0.147" /><testcase classname="tests.backend_test.TestMDoc" name="test_engagement_not_found" time="0.046" /><testcase classname="tests.backend_test.TestIssuer" name="test_nonce_fresh" time="0.095" /><testcase classname="tests.backend_test.TestAuth" name="test_issue_credential_with_bearer" time="0.198" /><testcase classname="tests.backend_test.TestIssuer" name="test_credential_unknown_nonce_rejected" time="0.051" /><testcase classname="tests.backend_test.TestIssuer" name="test_e2e_issue_and_verify" time="0.196" /><testcase classname="tests.backend_test.TestAuth" name="test_logout_deletes_session" time="1.025" /><testcase classname="tests.backend_test.TestIssuer" name="test_nonce_one_time_use" time="0.151" /><testcase classname="tests.backend_test.TestPaper" name="test_chapters" time="0.050" /><testcase classname="tests.backend_test.TestPaper" name="test_chapter_architektur" time="0.048" /><testcase classname="tests.backend_test.TestPaper" name="test_search" time="0.051" /><testcase classname="tests.backend_test.TestTrust" name="test_ca_chain" time="0.052" /><testcase classname="tests.backend_test.TestTrust" name="test_ca_chain_persistent" time="0.197" /><testcase classname="tests.backend_test.TestTrust" name="test_lotl_parse" time="0.049" /><testcase classname="tests.backend_test.TestWellKnown" name="test_openid_issuer_metadata" time="0.047" /><testcase classname="tests.backend_test.TestWellKnown" name="test_jwks" time="0.048" /><testcase classname="tests.backend_test.TestWellKnown" name="test_jwks_matches_issuer" time="0.096" /><testcase classname="tests.backend_test.TestCountrySprint7" name="test_us_rejects_sd_jwt" time="0.048" /><testcase classname="tests.backend_test.TestCountrySprint7" name="test_br_accepts_sd_jwt" time="0.049" /><testcase classname="tests.backend_test.TestCountrySprint7" name="test_br_accepts_mdoc" time="0.050" /><testcase classname="tests.backend_test.TestVerifier" name="test_mangled_presentation" time="0.051" /><testcase classname="tests.backend_test.TestOversight" name="test_downgrades_endpoint" time="0.087" /><testcase classname="tests.backend_test.TestVerifier" name="test_truncated_presentation" time="0.046" /><testcase classname="tests.backend_test.TestOversight" name="test_downgrade_detected_high_to_substantial" time="0.788" /><testcase classname="tests.backend_test.TestHubExtras" name="test_repos_live" time="0.573" /><testcase classname="tests.backend_test.TestHubExtras" name="test_postman_collection" time="0.072" /><testcase classname="tests.backend_test.TestHealth" name="test_health" time="0.049" /><testcase classname="tests.backend_test.TestHub" name="test_repos" time="0.368" /><testcase classname="tests.backend_test.TestOversight" name="test_override_accept" time="0.064" /><testcase classname="tests.backend_test.TestOversight" name="test_override_unknown_fp" time="0.381" /></testsuite></testsuites>